::1 - - [23/Mar/2021:01:15:33 +0000] "GET / HTTP/1.1" 304 - "-" "Mozilla/5.0 (Linux; Android 6.0; Nexus 5 Build/MRA58N) AppleWebKit/537.36 (KHTML, like Gecko) Chrome/89.0.4389.90 Mobile Safari/537.36"
::1 - - [23/Mar/2021:01:15:33 +0000] "GET /assets/stylesheets/style.css HTTP/1.1" 304 - "http://localhost:8080/" "Mozilla/5.0 (Linux; Android 6.0; Nexus 5 Build/MRA58N) AppleWebKit/537.36 (KHTML, like Gecko) Chrome/89.0.4389.90 Mobile Safari/537.36"
::1 - - [23/Mar/2021:01:15:33 +0000] "GET /assets/js/signup.js HTTP/1.1" 304 - "http://localhost:8080/" "Mozilla/5.0 (Linux; Android 6.0; Nexus 5 Build/MRA58N) AppleWebKit/537.36 (KHTML, like Gecko) Chrome/89.0.4389.90 Mobile Safari/537.36"
::1 - - [23/Mar/2021:01:15:33 +0000] "GET /assets/img/vaxynepng.png HTTP/1.1" 304 - "http://localhost:8080/" "Mozilla/5.0 (Linux; Android 6.0; Nexus 5 Build/MRA58N) AppleWebKit/537.36 (KHTML, like Gecko) Chrome/89.0.4389.90 Mobile Safari/537.36"
::1 - - [23/Mar/2021:01:15:37 +0000] "GET /state HTTP/1.1" 200 4113 "-" "Mozilla/5.0 (Linux; Android 6.0; Nexus 5 Build/MRA58N) AppleWebKit/537.36 (KHTML, like Gecko) Chrome/89.0.4389.90 Mobile Safari/537.36"
::1 - - [23/Mar/2021:01:15:37 +0000] "GET /assets/stylesheets/style.css HTTP/1.1" 304 - "http://localhost:8080/state" "Mozilla/5.0 (Linux; Android 6.0; Nexus 5 Build/MRA58N) AppleWebKit/537.36 (KHTML, like Gecko) Chrome/89.0.4389.90 Mobile Safari/537.36"
::1 - - [23/Mar/2021:01:15:37 +0000] "GET /assets/js/signup.js HTTP/1.1" 304 - "http://localhost:8080/state" "Mozilla/5.0 (Linux; Android 6.0; Nexus 5 Build/MRA58N) AppleWebKit/537.36 (KHTML, like Gecko) Chrome/89.0.4389.90 Mobile Safari/537.36"
::1 - - [23/Mar/2021:01:15:41 +0000] "GET /state?state=IN HTTP/1.1" 200 4113 "http://localhost:8080/state" "Mozilla/5.0 (Linux; Android 6.0; Nexus 5 Build/MRA58N) AppleWebKit/537.36 (KHTML, like Gecko) Chrome/89.0.4389.90 Mobile Safari/537.36"
::1 - - [23/Mar/2021:01:15:41 +0000] "GET /assets/stylesheets/style.css HTTP/1.1" 304 - "http://localhost:8080/state?state=IN" "Mozilla/5.0 (Linux; Android 6.0; Nexus 5 Build/MRA58N) AppleWebKit/537.36 (KHTML, like Gecko) Chrome/89.0.4389.90 Mobile Safari/537.36"
::1 - - [23/Mar/2021:01:15:41 +0000] "GET /assets/js/signup.js HTTP/1.1" 304 - "http://localhost:8080/state?state=IN" "Mozilla/5.0 (Linux; Android 6.0; Nexus 5 Build/MRA58N) AppleWebKit/537.36 (KHTML, like Gecko) Chrome/89.0.4389.90 Mobile Safari/537.36"
::1 - - [23/Mar/2021:01:15:43 +0000] "GET /state?state= HTTP/1.1" 200 4113 "http://localhost:8080/state?state=IN" "Mozilla/5.0 (Linux; Android 6.0; Nexus 5 Build/MRA58N) AppleWebKit/537.36 (KHTML, like Gecko) Chrome/89.0.4389.90 Mobile Safari/537.36"
::1 - - [23/Mar/2021:01:15:43 +0000] "GET /assets/stylesheets/style.css HTTP/1.1" 304 - "http://localhost:8080/state?state=" "Mozilla/5.0 (Linux; Android 6.0; Nexus 5 Build/MRA58N) AppleWebKit/537.36 (KHTML, like Gecko) Chrome/89.0.4389.90 Mobile Safari/537.36"
::1 - - [23/Mar/2021:01:15:43 +0000] "GET /assets/js/signup.js HTTP/1.1" 304 - "http://localhost:8080/state?state=" "Mozilla/5.0 (Linux; Android 6.0; Nexus 5 Build/MRA58N) AppleWebKit/537.36 (KHTML, like Gecko) Chrome/89.0.4389.90 Mobile Safari/537.36"
::1 - - [23/Mar/2021:01:15:44 +0000] "GET /state?state= HTTP/1.1" 304 - "http://localhost:8080/state?state=" "Mozilla/5.0 (Linux; Android 6.0; Nexus 5 Build/MRA58N) AppleWebKit/537.36 (KHTML, like Gecko) Chrome/89.0.4389.90 Mobile Safari/537.36"
::1 - - [23/Mar/2021:01:15:45 +0000] "GET /assets/stylesheets/style.css HTTP/1.1" 304 - "http://localhost:8080/state?state=" "Mozilla/5.0 (Linux; Android 6.0; Nexus 5 Build/MRA58N) AppleWebKit/537.36 (KHTML, like Gecko) Chrome/89.0.4389.90 Mobile Safari/537.36"
::1 - - [23/Mar/2021:01:15:45 +0000] "GET /assets/js/signup.js HTTP/1.1" 304 - "http://localhost:8080/state?state=" "Mozilla/5.0 (Linux; Android 6.0; Nexus 5 Build/MRA58N) AppleWebKit/537.36 (KHTML, like Gecko) Chrome/89.0.4389.90 Mobile Safari/537.36"
::1 - - [23/Mar/2021:01:15:45 +0000] "GET /state?state= HTTP/1.1" 304 - "http://localhost:8080/state?state=" "Mozilla/5.0 (Linux; Android 6.0; Nexus 5 Build/MRA58N) AppleWebKit/537.36 (KHTML, like Gecko) Chrome/89.0.4389.90 Mobile Safari/537.36"
::1 - - [23/Mar/2021:01:15:45 +0000] "GET /assets/stylesheets/style.css HTTP/1.1" 304 - "http://localhost:8080/state?state=" "Mozilla/5.0 (Linux; Android 6.0; Nexus 5 Build/MRA58N) AppleWebKit/537.36 (KHTML, like Gecko) Chrome/89.0.4389.90 Mobile Safari/537.36"
::1 - - [23/Mar/2021:01:15:45 +0000] "GET /assets/js/signup.js HTTP/1.1" 304 - "http://localhost:8080/state?state=" "Mozilla/5.0 (Linux; Android 6.0; Nexus 5 Build/MRA58N) AppleWebKit/537.36 (KHTML, like Gecko) Chrome/89.0.4389.90 Mobile Safari/537.36"
::1 - - [23/Mar/2021:01:16:08 +0000] "GET /state HTTP/1.1" 304 - "-" "Mozilla/5.0 (Linux; Android 6.0; Nexus 5 Build/MRA58N) AppleWebKit/537.36 (KHTML, like Gecko) Chrome/89.0.4389.90 Mobile Safari/537.36"
::1 - - [23/Mar/2021:01:16:09 +0000] "GET /assets/stylesheets/style.css HTTP/1.1" 304 - "http://localhost:8080/state" "Mozilla/5.0 (Linux; Android 6.0; Nexus 5 Build/MRA58N) AppleWebKit/537.36 (KHTML, like Gecko) Chrome/89.0.4389.90 Mobile Safari/537.36"
::1 - - [23/Mar/2021:01:16:09 +0000] "GET /assets/js/signup.js HTTP/1.1" 304 - "http://localhost:8080/state" "Mozilla/5.0 (Linux; Android 6.0; Nexus 5 Build/MRA58N) AppleWebKit/537.36 (KHTML, like Gecko) Chrome/89.0.4389.90 Mobile Safari/537.36"
::1 - - [23/Mar/2021:01:16:21 +0000] "GET /state?state=IL HTTP/1.1" 200 4113 "http://localhost:8080/state" "Mozilla/5.0 (Linux; Android 6.0; Nexus 5 Build/MRA58N) AppleWebKit/537.36 (KHTML, like Gecko) Chrome/89.0.4389.90 Mobile Safari/537.36"
::1 - - [23/Mar/2021:01:16:21 +0000] "GET /assets/stylesheets/style.css HTTP/1.1" 304 - "http://localhost:8080/state?state=IL" "Mozilla/5.0 (Linux; Android 6.0; Nexus 5 Build/MRA58N) AppleWebKit/537.36 (KHTML, like Gecko) Chrome/89.0.4389.90 Mobile Safari/537.36"
::1 - - [23/Mar/2021:01:16:21 +0000] "GET /assets/js/signup.js HTTP/1.1" 304 - "http://localhost:8080/state?state=IL" "Mozilla/5.0 (Linux; Android 6.0; Nexus 5 Build/MRA58N) AppleWebKit/537.36 (KHTML, like Gecko) Chrome/89.0.4389.90 Mobile Safari/537.36"
::1 - - [23/Mar/2021:01:19:40 +0000] "GET / HTTP/1.1" 304 - "-" "Mozilla/5.0 (Windows NT 10.0; Win64; x64) AppleWebKit/537.36 (KHTML, like Gecko) Chrome/89.0.4389.90 Safari/537.36"
::1 - - [23/Mar/2021:01:19:40 +0000] "GET /assets/stylesheets/style.css HTTP/1.1" 304 - "http://localhost:8080/" "Mozilla/5.0 (Windows NT 10.0; Win64; x64) AppleWebKit/537.36 (KHTML, like Gecko) Chrome/89.0.4389.90 Safari/537.36"
::1 - - [23/Mar/2021:01:19:40 +0000] "GET /assets/js/signup.js HTTP/1.1" 304 - "http://localhost:8080/" "Mozilla/5.0 (Windows NT 10.0; Win64; x64) AppleWebKit/537.36 (KHTML, like Gecko) Chrome/89.0.4389.90 Safari/537.36"
::1 - - [23/Mar/2021:01:19:40 +0000] "GET /assets/img/vaxynepng.png HTTP/1.1" 304 - "http://localhost:8080/" "Mozilla/5.0 (Windows NT 10.0; Win64; x64) AppleWebKit/537.36 (KHTML, like Gecko) Chrome/89.0.4389.90 Safari/537.36"
::1 - - [23/Mar/2021:01:19:45 +0000] "GET /state HTTP/1.1" 304 - "-" "Mozilla/5.0 (Windows NT 10.0; Win64; x64) AppleWebKit/537.36 (KHTML, like Gecko) Chrome/89.0.4389.90 Safari/537.36"
::1 - - [23/Mar/2021:01:19:45 +0000] "GET /assets/stylesheets/style.css HTTP/1.1" 304 - "http://localhost:8080/state" "Mozilla/5.0 (Windows NT 10.0; Win64; x64) AppleWebKit/537.36 (KHTML, like Gecko) Chrome/89.0.4389.90 Safari/537.36"
::1 - - [23/Mar/2021:01:19:45 +0000] "GET /assets/js/signup.js HTTP/1.1" 304 - "http://localhost:8080/state" "Mozilla/5.0 (Windows NT 10.0; Win64; x64) AppleWebKit/537.36 (KHTML, like Gecko) Chrome/89.0.4389.90 Safari/537.36"
::1 - - [23/Mar/2021:01:19:49 +0000] "GET /state?state=AZ HTTP/1.1" 200 4113 "http://localhost:8080/state" "Mozilla/5.0 (Windows NT 10.0; Win64; x64) AppleWebKit/537.36 (KHTML, like Gecko) Chrome/89.0.4389.90 Safari/537.36"
::1 - - [23/Mar/2021:01:19:49 +0000] "GET /assets/stylesheets/style.css HTTP/1.1" 304 - "http://localhost:8080/state?state=AZ" "Mozilla/5.0 (Windows NT 10.0; Win64; x64) AppleWebKit/537.36 (KHTML, like Gecko) Chrome/89.0.4389.90 Safari/537.36"
::1 - - [23/Mar/2021:01:19:49 +0000] "GET /assets/js/signup.js HTTP/1.1" 304 - "http://localhost:8080/state?state=AZ" "Mozilla/5.0 (Windows NT 10.0; Win64; x64) AppleWebKit/537.36 (KHTML, like Gecko) Chrome/89.0.4389.90 Safari/537.36"
::1 - - [23/Mar/2021:01:20:34 +0000] "GET /state?state=AZ HTTP/1.1" 304 - "http://localhost:8080/state" "Mozilla/5.0 (Windows NT 10.0; Win64; x64) AppleWebKit/537.36 (KHTML, like Gecko) Chrome/89.0.4389.90 Safari/537.36"
::1 - - [23/Mar/2021:01:20:34 +0000] "GET /assets/stylesheets/style.css HTTP/1.1" 304 - "http://localhost:8080/state?state=AZ" "Mozilla/5.0 (Windows NT 10.0; Win64; x64) AppleWebKit/537.36 (KHTML, like Gecko) Chrome/89.0.4389.90 Safari/537.36"
::1 - - [23/Mar/2021:01:20:34 +0000] "GET /assets/js/signup.js HTTP/1.1" 304 - "http://localhost:8080/state?state=AZ" "Mozilla/5.0 (Windows NT 10.0; Win64; x64) AppleWebKit/537.36 (KHTML, like Gecko) Chrome/89.0.4389.90 Safari/537.36"
::1 - - [23/Mar/2021:01:20:39 +0000] "GET /state HTTP/1.1" 304 - "-" "Mozilla/5.0 (Windows NT 10.0; Win64; x64) AppleWebKit/537.36 (KHTML, like Gecko) Chrome/89.0.4389.90 Safari/537.36"
::1 - - [23/Mar/2021:01:20:39 +0000] "GET /assets/stylesheets/style.css HTTP/1.1" 304 - "http://localhost:8080/state" "Mozilla/5.0 (Windows NT 10.0; Win64; x64) AppleWebKit/537.36 (KHTML, like Gecko) Chrome/89.0.4389.90 Safari/537.36"
::1 - - [23/Mar/2021:01:20:39 +0000] "GET /assets/js/signup.js HTTP/1.1" 304 - "http://localhost:8080/state" "Mozilla/5.0 (Windows NT 10.0; Win64; x64) AppleWebKit/537.36 (KHTML, like Gecko) Chrome/89.0.4389.90 Safari/537.36"
::1 - - [23/Mar/2021:01:20:42 +0000] "GET /state?state=CT HTTP/1.1" 200 4113 "http://localhost:8080/state" "Mozilla/5.0 (Windows NT 10.0; Win64; x64) AppleWebKit/537.36 (KHTML, like Gecko) Chrome/89.0.4389.90 Safari/537.36"
::1 - - [23/Mar/2021:01:20:42 +0000] "GET /assets/stylesheets/style.css HTTP/1.1" 304 - "http://localhost:8080/state?state=CT" "Mozilla/5.0 (Windows NT 10.0; Win64; x64) AppleWebKit/537.36 (KHTML, like Gecko) Chrome/89.0.4389.90 Safari/537.36"
::1 - - [23/Mar/2021:01:20:42 +0000] "GET /assets/js/signup.js HTTP/1.1" 304 - "http://localhost:8080/state?state=CT" "Mozilla/5.0 (Windows NT 10.0; Win64; x64) AppleWebKit/537.36 (KHTML, like Gecko) Chrome/89.0.4389.90 Safari/537.36"
::1 - - [23/Mar/2021:01:21:58 +0000] "GET /state/CT HTTP/1.1" 200 2 "-" "Mozilla/5.0 (Windows NT 10.0; Win64; x64) AppleWebKit/537.36 (KHTML, like Gecko) Chrome/89.0.4389.90 Safari/537.36"
::1 - - [23/Mar/2021:01:22:03 +0000] "GET /state/MI HTTP/1.1" 304 - "-" "Mozilla/5.0 (Windows NT 10.0; Win64; x64) AppleWebKit/537.36 (KHTML, like Gecko) Chrome/89.0.4389.90 Safari/537.36"
::1 - - [23/Mar/2021:01:22:08 +0000] "GET /state HTTP/1.1" 304 - "-" "Mozilla/5.0 (Windows NT 10.0; Win64; x64) AppleWebKit/537.36 (KHTML, like Gecko) Chrome/89.0.4389.90 Safari/537.36"
::1 - - [23/Mar/2021:01:22:08 +0000] "GET /assets/stylesheets/style.css HTTP/1.1" 304 - "http://localhost:8080/state" "Mozilla/5.0 (Windows NT 10.0; Win64; x64) AppleWebKit/537.36 (KHTML, like Gecko) Chrome/89.0.4389.90 Safari/537.36"
::1 - - [23/Mar/2021:01:22:08 +0000] "GET /assets/js/signup.js HTTP/1.1" 304 - "http://localhost:8080/state" "Mozilla/5.0 (Windows NT 10.0; Win64; x64) AppleWebKit/537.36 (KHTML, like Gecko) Chrome/89.0.4389.90 Safari/537.36"
::1 - - [23/Mar/2021:01:24:43 +0000] "GET / HTTP/1.1" 304 - "-" "Mozilla/5.0 (Windows NT 10.0; Win64; x64) AppleWebKit/537.36 (KHTML, like Gecko) Chrome/89.0.4389.90 Safari/537.36"
::1 - - [23/Mar/2021:01:24:43 +0000] "GET /assets/stylesheets/style.css HTTP/1.1" 304 - "http://localhost:8080/" "Mozilla/5.0 (Windows NT 10.0; Win64; x64) AppleWebKit/537.36 (KHTML, like Gecko) Chrome/89.0.4389.90 Safari/537.36"
::1 - - [23/Mar/2021:01:24:43 +0000] "GET /assets/js/signup.js HTTP/1.1" 304 - "http://localhost:8080/" "Mozilla/5.0 (Windows NT 10.0; Win64; x64) AppleWebKit/537.36 (KHTML, like Gecko) Chrome/89.0.4389.90 Safari/537.36"
::1 - - [23/Mar/2021:01:24:43 +0000] "GET /assets/img/vaxynepng.png HTTP/1.1" 304 - "http://localhost:8080/" "Mozilla/5.0 (Windows NT 10.0; Win64; x64) AppleWebKit/537.36 (KHTML, like Gecko) Chrome/89.0.4389.90 Safari/537.36"
::1 - - [23/Mar/2021:01:24:45 +0000] "GET /returning HTTP/1.1" 200 1393 "http://localhost:8080/" "Mozilla/5.0 (Windows NT 10.0; Win64; x64) AppleWebKit/537.36 (KHTML, like Gecko) Chrome/89.0.4389.90 Safari/537.36"
::1 - - [23/Mar/2021:01:24:45 +0000] "GET /assets/stylesheets/style.css HTTP/1.1" 304 - "http://localhost:8080/returning" "Mozilla/5.0 (Windows NT 10.0; Win64; x64) AppleWebKit/537.36 (KHTML, like Gecko) Chrome/89.0.4389.90 Safari/537.36"
::1 - - [23/Mar/2021:01:24:45 +0000] "GET /assets/js/signup.js HTTP/1.1" 304 - "http://localhost:8080/returning" "Mozilla/5.0 (Windows NT 10.0; Win64; x64) AppleWebKit/537.36 (KHTML, like Gecko) Chrome/89.0.4389.90 Safari/537.36"
::1 - - [23/Mar/2021:01:24:56 +0000] "GET /state HTTP/1.1" 200 4067 "-" "Mozilla/5.0 (Windows NT 10.0; Win64; x64) AppleWebKit/537.36 (KHTML, like Gecko) Chrome/89.0.4389.90 Safari/537.36"
::1 - - [23/Mar/2021:01:24:56 +0000] "GET /assets/stylesheets/style.css HTTP/1.1" 304 - "http://localhost:8080/state" "Mozilla/5.0 (Windows NT 10.0; Win64; x64) AppleWebKit/537.36 (KHTML, like Gecko) Chrome/89.0.4389.90 Safari/537.36"
::1 - - [23/Mar/2021:01:24:56 +0000] "GET /assets/js/signup.js HTTP/1.1" 304 - "http://localhost:8080/state" "Mozilla/5.0 (Windows NT 10.0; Win64; x64) AppleWebKit/537.36 (KHTML, like Gecko) Chrome/89.0.4389.90 Safari/537.36"
::1 - - [23/Mar/2021:01:24:56 +0000] "GET /assets/stylesheets/style.css HTTP/1.1" 304 - "http://localhost:8080/state" "Mozilla/5.0 (Windows NT 10.0; Win64; x64) AppleWebKit/537.36 (KHTML, like Gecko) Chrome/89.0.4389.90 Safari/537.36"
::1 - - [23/Mar/2021:01:24:56 +0000] "GET /assets/js/signup.js HTTP/1.1" 304 - "http://localhost:8080/state" "Mozilla/5.0 (Windows NT 10.0; Win64; x64) AppleWebKit/537.36 (KHTML, like Gecko) Chrome/89.0.4389.90 Safari/537.36"
::1 - - [23/Mar/2021:01:25:07 +0000] "GET /state HTTP/1.1" 304 - "-" "Mozilla/5.0 (Windows NT 10.0; Win64; x64) AppleWebKit/537.36 (KHTML, like Gecko) Chrome/89.0.4389.90 Safari/537.36"
::1 - - [23/Mar/2021:01:25:07 +0000] "GET /assets/stylesheets/style.css HTTP/1.1" 304 - "http://localhost:8080/state" "Mozilla/5.0 (Windows NT 10.0; Win64; x64) AppleWebKit/537.36 (KHTML, like Gecko) Chrome/89.0.4389.90 Safari/537.36"
::1 - - [23/Mar/2021:01:25:07 +0000] "GET /assets/js/signup.js HTTP/1.1" 304 - "http://localhost:8080/state" "Mozilla/5.0 (Windows NT 10.0; Win64; x64) AppleWebKit/537.36 (KHTML, like Gecko) Chrome/89.0.4389.90 Safari/537.36"
::1 - - [23/Mar/2021:01:25:13 +0000] "GET /state?state=MI HTTP/1.1" 200 4067 "http://localhost:8080/state" "Mozilla/5.0 (Windows NT 10.0; Win64; x64) AppleWebKit/537.36 (KHTML, like Gecko) Chrome/89.0.4389.90 Safari/537.36"
::1 - - [23/Mar/2021:01:25:13 +0000] "GET /assets/stylesheets/style.css HTTP/1.1" 304 - "http://localhost:8080/state?state=MI" "Mozilla/5.0 (Windows NT 10.0; Win64; x64) AppleWebKit/537.36 (KHTML, like Gecko) Chrome/89.0.4389.90 Safari/537.36"
::1 - - [23/Mar/2021:01:25:13 +0000] "GET /assets/js/signup.js HTTP/1.1" 304 - "http://localhost:8080/state?state=MI" "Mozilla/5.0 (Windows NT 10.0; Win64; x64) AppleWebKit/537.36 (KHTML, like Gecko) Chrome/89.0.4389.90 Safari/537.36"
::1 - - [23/Mar/2021:01:27:19 +0000] "GET /state HTTP/1.1" 304 - "-" "Mozilla/5.0 (Windows NT 10.0; Win64; x64) AppleWebKit/537.36 (KHTML, like Gecko) Chrome/89.0.4389.90 Safari/537.36"
::1 - - [23/Mar/2021:01:27:19 +0000] "GET /assets/stylesheets/style.css HTTP/1.1" 304 - "http://localhost:8080/state" "Mozilla/5.0 (Windows NT 10.0; Win64; x64) AppleWebKit/537.36 (KHTML, like Gecko) Chrome/89.0.4389.90 Safari/537.36"
::1 - - [23/Mar/2021:01:27:19 +0000] "GET /assets/js/signup.js HTTP/1.1" 304 - "http://localhost:8080/state" "Mozilla/5.0 (Windows NT 10.0; Win64; x64) AppleWebKit/537.36 (KHTML, like Gecko) Chrome/89.0.4389.90 Safari/537.36"
::1 - - [23/Mar/2021:01:27:26 +0000] "GET /state?state=MI HTTP/1.1" 304 - "http://localhost:8080/state" "Mozilla/5.0 (Windows NT 10.0; Win64; x64) AppleWebKit/537.36 (KHTML, like Gecko) Chrome/89.0.4389.90 Safari/537.36"
::1 - - [23/Mar/2021:01:27:26 +0000] "GET /assets/stylesheets/style.css HTTP/1.1" 304 - "http://localhost:8080/state?state=MI" "Mozilla/5.0 (Windows NT 10.0; Win64; x64) AppleWebKit/537.36 (KHTML, like Gecko) Chrome/89.0.4389.90 Safari/537.36"
::1 - - [23/Mar/2021:01:27:26 +0000] "GET /assets/js/signup.js HTTP/1.1" 304 - "http://localhost:8080/state?state=MI" "Mozilla/5.0 (Windows NT 10.0; Win64; x64) AppleWebKit/537.36 (KHTML, like Gecko) Chrome/89.0.4389.90 Safari/537.36"
::1 - - [23/Mar/2021:01:27:44 +0000] "GET /assets/stylesheets/style.css HTTP/1.1" 304 - "http://localhost:8080/state?state=MI" "Mozilla/5.0 (Windows NT 10.0; Win64; x64) AppleWebKit/537.36 (KHTML, like Gecko) Chrome/89.0.4389.90 Safari/537.36"
::1 - - [23/Mar/2021:01:28:16 +0000] "GET /state HTTP/1.1" 304 - "-" "Mozilla/5.0 (Linux; Android 6.0; Nexus 5 Build/MRA58N) AppleWebKit/537.36 (KHTML, like Gecko) Chrome/89.0.4389.90 Mobile Safari/537.36"
::1 - - [23/Mar/2021:01:28:16 +0000] "GET /assets/stylesheets/style.css HTTP/1.1" 304 - "http://localhost:8080/state" "Mozilla/5.0 (Linux; Android 6.0; Nexus 5 Build/MRA58N) AppleWebKit/537.36 (KHTML, like Gecko) Chrome/89.0.4389.90 Mobile Safari/537.36"
::1 - - [23/Mar/2021:01:28:16 +0000] "GET /assets/js/signup.js HTTP/1.1" 304 - "http://localhost:8080/state" "Mozilla/5.0 (Linux; Android 6.0; Nexus 5 Build/MRA58N) AppleWebKit/537.36 (KHTML, like Gecko) Chrome/89.0.4389.90 Mobile Safari/537.36"
::1 - - [23/Mar/2021:01:33:24 +0000] "GET / HTTP/1.1" 304 - "-" "Mozilla/5.0 (Windows NT 10.0; Win64; x64) AppleWebKit/537.36 (KHTML, like Gecko) Chrome/89.0.4389.90 Safari/537.36"
::1 - - [23/Mar/2021:01:33:24 +0000] "GET /assets/stylesheets/style.css HTTP/1.1" 304 - "http://localhost:8080/" "Mozilla/5.0 (Windows NT 10.0; Win64; x64) AppleWebKit/537.36 (KHTML, like Gecko) Chrome/89.0.4389.90 Safari/537.36"
::1 - - [23/Mar/2021:01:33:24 +0000] "GET /assets/js/signup.js HTTP/1.1" 304 - "http://localhost:8080/" "Mozilla/5.0 (Windows NT 10.0; Win64; x64) AppleWebKit/537.36 (KHTML, like Gecko) Chrome/89.0.4389.90 Safari/537.36"
::1 - - [23/Mar/2021:01:33:24 +0000] "GET /assets/img/vaxynepng.png HTTP/1.1" 304 - "http://localhost:8080/" "Mozilla/5.0 (Windows NT 10.0; Win64; x64) AppleWebKit/537.36 (KHTML, like Gecko) Chrome/89.0.4389.90 Safari/537.36"
::1 - - [23/Mar/2021:01:33:30 +0000] "GET /state HTTP/1.1" 200 4037 "-" "Mozilla/5.0 (Windows NT 10.0; Win64; x64) AppleWebKit/537.36 (KHTML, like Gecko) Chrome/89.0.4389.90 Safari/537.36"
::1 - - [23/Mar/2021:01:33:30 +0000] "GET /assets/stylesheets/style.css HTTP/1.1" 304 - "http://localhost:8080/state" "Mozilla/5.0 (Windows NT 10.0; Win64; x64) AppleWebKit/537.36 (KHTML, like Gecko) Chrome/89.0.4389.90 Safari/537.36"
::1 - - [23/Mar/2021:01:33:30 +0000] "GET /assets/js/signup.js HTTP/1.1" 304 - "http://localhost:8080/state" "Mozilla/5.0 (Windows NT 10.0; Win64; x64) AppleWebKit/537.36 (KHTML, like Gecko) Chrome/89.0.4389.90 Safari/537.36"
::1 - - [23/Mar/2021:01:33:31 +0000] "GET /assets/stylesheets/style.css HTTP/1.1" 304 - "http://localhost:8080/state" "Mozilla/5.0 (Windows NT 10.0; Win64; x64) AppleWebKit/537.36 (KHTML, like Gecko) Chrome/89.0.4389.90 Safari/537.36"
::1 - - [23/Mar/2021:01:33:31 +0000] "GET /assets/js/signup.js HTTP/1.1" 304 - "http://localhost:8080/state" "Mozilla/5.0 (Windows NT 10.0; Win64; x64) AppleWebKit/537.36 (KHTML, like Gecko) Chrome/89.0.4389.90 Safari/537.36"
::1 - - [23/Mar/2021:01:33:37 +0000] "GET /state?state=MI HTTP/1.1" 200 4037 "http://localhost:8080/state" "Mozilla/5.0 (Windows NT 10.0; Win64; x64) AppleWebKit/537.36 (KHTML, like Gecko) Chrome/89.0.4389.90 Safari/537.36"
::1 - - [23/Mar/2021:01:33:37 +0000] "GET /assets/stylesheets/style.css HTTP/1.1" 304 - "http://localhost:8080/state?state=MI" "Mozilla/5.0 (Windows NT 10.0; Win64; x64) AppleWebKit/537.36 (KHTML, like Gecko) Chrome/89.0.4389.90 Safari/537.36"
::1 - - [23/Mar/2021:01:33:37 +0000] "GET /assets/js/signup.js HTTP/1.1" 304 - "http://localhost:8080/state?state=MI" "Mozilla/5.0 (Windows NT 10.0; Win64; x64) AppleWebKit/537.36 (KHTML, like Gecko) Chrome/89.0.4389.90 Safari/537.36"
